<?xml version="1.0" encoding="UTF-8"?>
<testng-results ignored="0" total="1" passed="1" failed="0" skipped="0">
  <reporter-output>
  </reporter-output>
  <suite started-at="2024-02-28T10:25:12 IST" name="Suite" finished-at="2024-02-28T10:25:16 IST" duration-ms="3945">
    <groups>
    </groups>
    <test started-at="2024-02-28T10:25:12 IST" name="Test" finished-at="2024-02-28T10:25:16 IST" duration-ms="3945">
      <class name="Axis.DataDrivenTesting.ReadExcel">
        <test-method signature="fblogin()[pri:0, instance:Axis.DataDrivenTesting.ReadExcel@6193932a]" started-at="2024-02-28T10:25:12 IST" name="fblogin" finished-at="2024-02-28T10:25:16 IST" duration-ms="3911" status="PASS">
          <reporter-output>
          </reporter-output>
        </test-method> <!-- fblogin -->
      </class> <!-- Axis.DataDrivenTesting.ReadExcel -->
    </test> <!-- Test -->
  </suite> <!-- Suite -->
</testng-results>
