<?xml version="1.0" encoding="UTF-8"?>
<testng-results ignored="0" total="4" passed="4" failed="0" skipped="0">
  <reporter-output>
  </reporter-output>
  <suite started-at="2024-03-04T14:04:51 IST" name="Suite" finished-at="2024-03-04T14:06:01 IST" duration-ms="70020">
    <groups>
    </groups>
    <test started-at="2024-03-04T14:04:51 IST" name="Chrome Test" finished-at="2024-03-04T14:05:24 IST" duration-ms="33472">
      <class name="Axis.SeleniumGrid.Selenium4GridTest">
        <test-method is-config="true" signature="setDriver(java.lang.String)[pri:0, instance:Axis.SeleniumGrid.Selenium4GridTest@3a5ecce3]" started-at="2024-03-04T14:04:51 IST" name="setDriver" finished-at="2024-03-04T14:05:09 IST" duration-ms="18421" status="PASS">
          <params>
            <param index="0">
              <value>
                <![CDATA[chrome]]>
              </value>
            </param>
          </params>
          <reporter-output>
          </reporter-output>
        </test-method> <!-- setDriver -->
        <test-method signature="invalidCredentials()[pri:0, instance:Axis.SeleniumGrid.Selenium4GridTest@3a5ecce3]" started-at="2024-03-04T14:05:09 IST" name="invalidCredentials" finished-at="2024-03-04T14:05:12 IST" duration-ms="2986" status="PASS">
          <reporter-output>
          </reporter-output>
        </test-method> <!-- invalidCredentials -->
        <test-method is-config="true" signature="closeBrowser()[pri:0, instance:Axis.SeleniumGrid.Selenium4GridTest@3a5ecce3]" started-at="2024-03-04T14:05:12 IST" name="closeBrowser" finished-at="2024-03-04T14:05:13 IST" duration-ms="902" status="PASS">
          <reporter-output>
          </reporter-output>
        </test-method> <!-- closeBrowser -->
        <test-method is-config="true" signature="setDriver(java.lang.String)[pri:0, instance:Axis.SeleniumGrid.Selenium4GridTest@3a5ecce3]" started-at="2024-03-04T14:05:13 IST" name="setDriver" finished-at="2024-03-04T14:05:24 IST" duration-ms="10542" status="PASS">
          <params>
            <param index="0">
              <value>
                <![CDATA[chrome]]>
              </value>
            </param>
          </params>
          <reporter-output>
          </reporter-output>
        </test-method> <!-- setDriver -->
        <test-method signature="loginPageHeading()[pri:0, instance:Axis.SeleniumGrid.Selenium4GridTest@3a5ecce3]" started-at="2024-03-04T14:05:24 IST" name="loginPageHeading" finished-at="2024-03-04T14:05:24 IST" duration-ms="133" status="PASS">
          <reporter-output>
          </reporter-output>
        </test-method> <!-- loginPageHeading -->
        <test-method is-config="true" signature="closeBrowser()[pri:0, instance:Axis.SeleniumGrid.Selenium4GridTest@3a5ecce3]" started-at="2024-03-04T14:05:24 IST" name="closeBrowser" finished-at="2024-03-04T14:05:24 IST" duration-ms="364" status="PASS">
          <reporter-output>
          </reporter-output>
        </test-method> <!-- closeBrowser -->
      </class> <!-- Axis.SeleniumGrid.Selenium4GridTest -->
    </test> <!-- Chrome Test -->
    <test started-at="2024-03-04T14:05:24 IST" name="Edge Test" finished-at="2024-03-04T14:06:01 IST" duration-ms="36501">
      <class name="Axis.SeleniumGrid.Selenium4GridTest">
        <test-method is-config="true" signature="setDriver(java.lang.String)[pri:0, instance:Axis.SeleniumGrid.Selenium4GridTest@6187d1f5]" started-at="2024-03-04T14:05:24 IST" name="setDriver" finished-at="2024-03-04T14:05:47 IST" duration-ms="22407" status="PASS">
          <params>
            <param index="0">
              <value>
                <![CDATA[edge]]>
              </value>
            </param>
          </params>
          <reporter-output>
          </reporter-output>
        </test-method> <!-- setDriver -->
        <test-method signature="invalidCredentials()[pri:0, instance:Axis.SeleniumGrid.Selenium4GridTest@6187d1f5]" started-at="2024-03-04T14:05:47 IST" name="invalidCredentials" finished-at="2024-03-04T14:05:49 IST" duration-ms="2696" status="PASS">
          <reporter-output>
          </reporter-output>
        </test-method> <!-- invalidCredentials -->
        <test-method is-config="true" signature="closeBrowser()[pri:0, instance:Axis.SeleniumGrid.Selenium4GridTest@6187d1f5]" started-at="2024-03-04T14:05:49 IST" name="closeBrowser" finished-at="2024-03-04T14:05:51 IST" duration-ms="1406" status="PASS">
          <reporter-output>
          </reporter-output>
        </test-method> <!-- closeBrowser -->
        <test-method is-config="true" signature="setDriver(java.lang.String)[pri:0, instance:Axis.SeleniumGrid.Selenium4GridTest@6187d1f5]" started-at="2024-03-04T14:05:51 IST" name="setDriver" finished-at="2024-03-04T14:05:59 IST" duration-ms="8459" status="PASS">
          <params>
            <param index="0">
              <value>
                <![CDATA[edge]]>
              </value>
            </param>
          </params>
          <reporter-output>
          </reporter-output>
        </test-method> <!-- setDriver -->
        <test-method signature="loginPageHeading()[pri:0, instance:Axis.SeleniumGrid.Selenium4GridTest@6187d1f5]" started-at="2024-03-04T14:05:59 IST" name="loginPageHeading" finished-at="2024-03-04T14:05:59 IST" duration-ms="123" status="PASS">
          <reporter-output>
          </reporter-output>
        </test-method> <!-- loginPageHeading -->
        <test-method is-config="true" signature="closeBrowser()[pri:0, instance:Axis.SeleniumGrid.Selenium4GridTest@6187d1f5]" started-at="2024-03-04T14:05:59 IST" name="closeBrowser" finished-at="2024-03-04T14:06:01 IST" duration-ms="1390" status="PASS">
          <reporter-output>
          </reporter-output>
        </test-method> <!-- closeBrowser -->
      </class> <!-- Axis.SeleniumGrid.Selenium4GridTest -->
    </test> <!-- Edge Test -->
  </suite> <!-- Suite -->
</testng-results>
